<?xml version="1.0" encoding="UTF-8"?>
<!-- Generated by org.testng.reporters.JUnitXMLReporter -->
<testsuite ignored="0" hostname="LAPTOP-ATT95DKU" failures="0" tests="4" name="Default test" time="18.429" errors="0" timestamp="2024-04-10T07:08:14 IST">
  <testcase classname="testNg.ExcelReader" name="login" time="4.696"/>
  <testcase classname="testNg.ExcelReader" name="login" time="3.898"/>
  <testcase classname="testNg.ExcelReader" name="login" time="3.834"/>
  <testcase classname="testNg.ExcelReader" name="login" time="4.577"/>
</testsuite> <!-- Default test -->
