<?xml version="1.0" encoding="UTF-8"?>
<!-- Generated by org.testng.reporters.JUnitXMLReporter -->
<testsuite ignored="0" hostname="LAPTOP-ATT95DKU" failures="2" tests="9" name="Test" time="0.245" errors="0" timestamp="2024-03-27T07:12:47 IST">
  <testcase classname="testNg.SampleTestCases" name="sampleMethod1" time="0.018"/>
  <testcase classname="testNg.SampleTestCases" name="sampleMethod2" time="0.026">
    <skipped/>
  </testcase> <!-- sampleMethod2 -->
  <testcase classname="testNg.SampleTestCases" name="sampleMethod2" time="0.003">
    <skipped/>
  </testcase> <!-- sampleMethod2 -->
  <testcase classname="testNg.SampleTestCases" name="sampleMethod2" time="0.001">
    <skipped/>
  </testcase> <!-- sampleMethod2 -->
  <testcase classname="testNg.SampleTestCases" name="sampleMethod2" time="0.004">
    <failure type="java.lang.AssertionError" message="expected [true] but found [false]">
      <![CDATA[java.lang.AssertionError: expected [true] but found [false]
at testNg.SampleTestCases.sampleMethod2(SampleTestCases.java:18)
at java.base/java.util.ArrayList.forEach(ArrayList.java:1511)
... Removed 31 stack frames]]>
    </failure>
  </testcase> <!-- sampleMethod2 -->
  <testcase classname="testNg.SampleTestCases" name="sampleMethod3" time="0.003">
    <skipped/>
  </testcase> <!-- sampleMethod3 -->
  <testcase classname="testNg.SampleTestCases" name="sampleMethod3" time="0.018">
    <skipped/>
  </testcase> <!-- sampleMethod3 -->
  <testcase classname="testNg.SampleTestCases" name="sampleMethod3" time="0.002">
    <skipped/>
  </testcase> <!-- sampleMethod3 -->
  <testcase classname="testNg.SampleTestCases" name="sampleMethod3" time="0.005">
    <failure type="java.lang.AssertionError" message="expected [true] but found [false]">
      <![CDATA[java.lang.AssertionError: expected [true] but found [false]
at testNg.SampleTestCases.sampleMethod3(SampleTestCases.java:24)
at java.base/java.util.ArrayList.forEach(ArrayList.java:1511)
... Removed 31 stack frames]]>
    </failure>
  </testcase> <!-- sampleMethod3 -->
</testsuite> <!-- Test -->
