<?xml version="1.0" encoding="UTF-8"?>
<testng-results ignored="0" total="4" passed="4" failed="0" skipped="0">
  <reporter-output>
  </reporter-output>
  <suite started-at="2024-04-10T07:07:55 IST" name="Default suite" finished-at="2024-04-10T07:08:14 IST" duration-ms="18429">
    <groups>
    </groups>
    <test started-at="2024-04-10T07:07:55 IST" name="Default test" finished-at="2024-04-10T07:08:14 IST" duration-ms="18429">
      <class name="testNg.ExcelReader">
        <test-method signature="login(java.lang.String,java.lang.String)[pri:0, instance:testNg.ExcelReader@2d3379b4]" started-at="2024-04-10T07:07:57 IST" name="login" data-provider="getData" finished-at="2024-04-10T07:08:01 IST" duration-ms="4696" status="PASS">
          <params>
            <param index="0">
              <value>
                <![CDATA[oranium@gmail.com]]>
              </value>
            </param>
            <param index="1">
              <value>
                <![CDATA[2342355]]>
              </value>
            </param>
          </params>
          <reporter-output>
          </reporter-output>
        </test-method> <!-- login -->
        <test-method signature="login(java.lang.String,java.lang.String)[pri:0, instance:testNg.ExcelReader@2d3379b4]" started-at="2024-04-10T07:08:01 IST" name="login" data-provider="getData" finished-at="2024-04-10T07:08:05 IST" duration-ms="3898" status="PASS">
          <params>
            <param index="0">
              <value>
                <![CDATA[tech@gmail.com]]>
              </value>
            </param>
            <param index="1">
              <value>
                <![CDATA[23452353]]>
              </value>
            </param>
          </params>
          <reporter-output>
          </reporter-output>
        </test-method> <!-- login -->
        <test-method signature="login(java.lang.String,java.lang.String)[pri:0, instance:testNg.ExcelReader@2d3379b4]" started-at="2024-04-10T07:08:05 IST" name="login" data-provider="getData" finished-at="2024-04-10T07:08:09 IST" duration-ms="3834" status="PASS">
          <params>
            <param index="0">
              <value>
                <![CDATA[oraniumtech@gmail.com]]>
              </value>
            </param>
            <param index="1">
              <value>
                <![CDATA[2342352]]>
              </value>
            </param>
          </params>
          <reporter-output>
          </reporter-output>
        </test-method> <!-- login -->
        <test-method signature="login(java.lang.String,java.lang.String)[pri:0, instance:testNg.ExcelReader@2d3379b4]" started-at="2024-04-10T07:08:09 IST" name="login" data-provider="getData" finished-at="2024-04-10T07:08:14 IST" duration-ms="4577" status="PASS">
          <params>
            <param index="0">
              <value>
                <![CDATA[chrompet@gmail.com]]>
              </value>
            </param>
            <param index="1">
              <value>
                <![CDATA[2342355]]>
              </value>
            </param>
          </params>
          <reporter-output>
          </reporter-output>
        </test-method> <!-- login -->
      </class> <!-- testNg.ExcelReader -->
    </test> <!-- Default test -->
  </suite> <!-- Default suite -->
</testng-results>
